Copyright 1986-2020 Xilinx, Inc. All Rights Reserved.
----------------------------------------------------------------------------------------------------------------------------------------------------------------------------------
| Tool Version     : Vivado v.2020.2 (win64) Build 3064766 Wed Nov 18 09:12:45 MST 2020
| Date             : Wed Apr 14 14:51:53 2021
| Host             : zxn running 64-bit major release  (build 9200)
| Command          : report_power -file xxv_ethernet_0_exdes_power_routed.rpt -pb xxv_ethernet_0_exdes_power_summary_routed.pb -rpx xxv_ethernet_0_exdes_power_routed.rpx
| Design           : xxv_ethernet_0_exdes
| Device           : xcku040-ffva1156-2-e
| Design State     : routed
| Grade            : extended
| Process          : typical
| Characterization : Production
----------------------------------------------------------------------------------------------------------------------------------------------------------------------------------

Power Report

Table of Contents
-----------------
1. Summary
1.1 On-Chip Components
1.2 Power Supply Summary
1.3 Confidence Level
2. Settings
2.1 Environment
2.2 Clock Constraints
3. Detailed Reports
3.1 By Hierarchy

1. Summary
----------

+--------------------------+--------------+
| Total On-Chip Power (W)  | 2.105        |
| Design Power Budget (W)  | Unspecified* |
| Power Budget Margin (W)  | NA           |
| Dynamic (W)              | 1.566        |
| Device Static (W)        | 0.539        |
| Effective TJA (C/W)      | 1.4          |
| Max Ambient (C)          | 97.0         |
| Junction Temperature (C) | 28.0         |
| Confidence Level         | Low          |
| Setting File             | ---          |
| Simulation Activity File | ---          |
| Design Nets Matched      | NA           |
+--------------------------+--------------+
* Specify Design Power Budget using, set_operating_conditions -design_power_budget <value in Watts>


1.1 On-Chip Components
----------------------

+--------------------------+-----------+----------+-----------+-----------------+
| On-Chip                  | Power (W) | Used     | Available | Utilization (%) |
+--------------------------+-----------+----------+-----------+-----------------+
| Clocks                   |     0.114 |       21 |       --- |             --- |
| CLB Logic                |     0.118 |    34574 |       --- |             --- |
|   LUT as Logic           |     0.105 |    13216 |    242400 |            5.45 |
|   Register               |     0.006 |    16424 |    484800 |            3.39 |
|   LUT as Shift Register  |     0.004 |      236 |    112800 |            0.21 |
|   LUT as Distributed RAM |     0.003 |      216 |    112800 |            0.19 |
|   CARRY8                 |    <0.001 |       68 |     30300 |            0.22 |
|   BUFG                   |    <0.001 |        5 |        80 |            6.25 |
|   F7/F8 Muxes            |    <0.001 |      128 |    242400 |            0.05 |
|   Others                 |     0.000 |      864 |       --- |             --- |
| Signals                  |     0.122 |    25875 |       --- |             --- |
| Block RAM                |     0.035 |       16 |       600 |            2.67 |
| MMCM                     |     0.063 |        1 |        10 |           10.00 |
| I/O                      |     0.004 |        2 |       520 |            0.38 |
| GTH                      |     1.110 |        4 |        20 |           20.00 |
| Static Power             |     0.539 |          |           |                 |
| Total                    |     2.105 |          |           |                 |
+--------------------------+-----------+----------+-----------+-----------------+


1.2 Power Supply Summary
------------------------

+------------+-------------+-----------+-------------+------------+-------------+-------------+------------+
| Source     | Voltage (V) | Total (A) | Dynamic (A) | Static (A) | Powerup (A) | Budget (A)  | Margin (A) |
+------------+-------------+-----------+-------------+------------+-------------+-------------+------------+
| Vccint     |       0.950 |     0.707 |       0.550 |      0.157 |       NA    | Unspecified | NA         |
| Vccaux     |       1.800 |     0.132 |       0.035 |      0.096 |       NA    | Unspecified | NA         |
| Vccaux_io  |       1.800 |     0.067 |       0.002 |      0.065 |       NA    | Unspecified | NA         |
| Vccint_io  |       0.950 |     0.017 |       0.001 |      0.016 |       NA    | Unspecified | NA         |
| Vcco33     |       3.300 |     0.000 |       0.000 |      0.000 |       NA    | Unspecified | NA         |
| Vcco25     |       2.500 |     0.000 |       0.000 |      0.000 |       NA    | Unspecified | NA         |
| Vcco18     |       1.800 |     0.000 |       0.000 |      0.000 |       NA    | Unspecified | NA         |
| Vcco15     |       1.500 |     0.000 |       0.000 |      0.000 |       NA    | Unspecified | NA         |
| Vcco135    |       1.350 |     0.000 |       0.000 |      0.000 |       NA    | Unspecified | NA         |
| Vcco12     |       1.200 |     0.000 |       0.000 |      0.000 |       NA    | Unspecified | NA         |
| Vcco10     |       1.000 |     0.000 |       0.000 |      0.000 |       NA    | Unspecified | NA         |
| Vccbram    |       0.950 |     0.012 |       0.001 |      0.011 |       NA    | Unspecified | NA         |
| MGTAVcc    |       1.000 |     0.677 |       0.645 |      0.031 |       NA    | Unspecified | NA         |
| MGTAVtt    |       1.200 |     0.269 |       0.255 |      0.014 |       NA    | Unspecified | NA         |
| MGTVccaux  |       1.800 |     0.013 |       0.013 |      0.000 |       NA    | Unspecified | NA         |
| Vccadc     |       1.800 |     0.014 |       0.000 |      0.014 |       NA    | Unspecified | NA         |
| MGTYVccaux |       1.800 |     0.000 |       0.000 |      0.000 |       NA    | Unspecified | NA         |
| MGTYAVcc   |       1.000 |     0.000 |       0.000 |      0.000 |       NA    | Unspecified | NA         |
| MGTYAVtt   |       1.200 |     0.000 |       0.000 |      0.000 |       NA    | Unspecified | NA         |
+------------+-------------+-----------+-------------+------------+-------------+-------------+------------+


1.3 Confidence Level
--------------------

+-----------------------------+------------+--------------------------------------------------------+------------------------------------------------------------------------------------------------------------+
| User Input Data             | Confidence | Details                                                | Action                                                                                                     |
+-----------------------------+------------+--------------------------------------------------------+------------------------------------------------------------------------------------------------------------+
| Design implementation state | High       | Design is routed                                       |                                                                                                            |
| Clock nodes activity        | High       | User specified more than 95% of clocks                 |                                                                                                            |
| I/O nodes activity          | Low        | More than 75% of inputs are missing user specification | Provide missing input activity with simulation results or by editing the "By Resource Type -> I/Os" view   |
| Internal nodes activity     | Medium     | User specified less than 25% of internal nodes         | Provide missing internal nodes activity with simulation results or by editing the "By Resource Type" views |
| Device models               | High       | Device models are Production                           |                                                                                                            |
|                             |            |                                                        |                                                                                                            |
| Overall confidence level    | Low        |                                                        |                                                                                                            |
+-----------------------------+------------+--------------------------------------------------------+------------------------------------------------------------------------------------------------------------+


2. Settings
-----------

2.1 Environment
---------------

+-----------------------+--------------------------+
| Ambient Temp (C)      | 25.0                     |
| ThetaJA (C/W)         | 1.4                      |
| Airflow (LFM)         | 250                      |
| Heat Sink             | medium (Medium Profile)  |
| ThetaSA (C/W)         | 2.4                      |
| Board Selection       | medium (10"x10")         |
| # of Board Layers     | 12to15 (12 to 15 Layers) |
| Board Temperature (C) | 25.0                     |
+-----------------------+--------------------------+


2.2 Clock Constraints
---------------------

+-------------------+-------------------------------------------------------------------------------------------------------------------------------------------------------------------------------------------------------------------------------------------------------------------------------+-----------------+
| Clock             | Domain                                                                                                                                                                                                                                                                        | Constraint (ns) |
+-------------------+-------------------------------------------------------------------------------------------------------------------------------------------------------------------------------------------------------------------------------------------------------------------------------+-----------------+
| gt_refclk_p       | gt_refclk_p                                                                                                                                                                                                                                                                   |             6.4 |
| qpll0clk_in[0]    | i_xxv_ethernet_0_core_support/i_xxv_ethernet_0_sharedlogic_wrapper/i_xxv_ethernet_0_common_wrapper/xxv_ethernet_0_gt_gthe3_common_wrapper_i/common_inst/qpll0clk_in[0]                                                                                                        |             0.2 |
| qpll0refclk_in[0] | i_xxv_ethernet_0_core_support/i_xxv_ethernet_0_sharedlogic_wrapper/i_xxv_ethernet_0_common_wrapper/xxv_ethernet_0_gt_gthe3_common_wrapper_i/common_inst/qpll0refclk_in[0]                                                                                                     |             6.4 |
| rx_core_clk_0     | i_xxv_ethernet_0_core_support/i_xxv_ethernet_0_gt_wrapper_0/i_xxv_ethernet_0_core_gtwiz_userclk_rx_inst/gt_rxn_in_0                                                                                                                                                           |             6.4 |
| rx_core_clk_1     | i_xxv_ethernet_0_core_support/i_xxv_ethernet_0_gt_wrapper_1/i_xxv_ethernet_0_core_gtwiz_userclk_rx_inst/gt_rxn_in_1                                                                                                                                                           |             6.4 |
| rx_core_clk_2     | i_xxv_ethernet_0_core_support/i_xxv_ethernet_0_gt_wrapper_2/i_xxv_ethernet_0_core_gtwiz_userclk_rx_inst/gt_rxn_in_2                                                                                                                                                           |             6.4 |
| rx_core_clk_3     | i_xxv_ethernet_0_core_support/i_xxv_ethernet_0_gt_wrapper_3/i_xxv_ethernet_0_core_gtwiz_userclk_rx_inst/gt_rxn_in_3                                                                                                                                                           |             6.4 |
| rxoutclk_out[0]   | i_xxv_ethernet_0_core_support/i_xxv_ethernet_0_gt_wrapper_0/i_xxv_ethernet_0_gt_0/inst/gen_gtwizard_gthe3_top.xxv_ethernet_0_gt_0_gtwizard_gthe3_inst/gen_gtwizard_gthe3.gen_channel_container[0].gen_enabled_channel.gthe3_channel_wrapper_inst/channel_inst/rxoutclk_out[0] |             3.2 |
| rxoutclk_out[0]_1 | i_xxv_ethernet_0_core_support/i_xxv_ethernet_0_gt_wrapper_1/i_xxv_ethernet_0_gt_1/inst/gen_gtwizard_gthe3_top.xxv_ethernet_0_gt_1_gtwizard_gthe3_inst/gen_gtwizard_gthe3.gen_channel_container[0].gen_enabled_channel.gthe3_channel_wrapper_inst/channel_inst/rxoutclk_out[0] |             3.2 |
| rxoutclk_out[0]_2 | i_xxv_ethernet_0_core_support/i_xxv_ethernet_0_gt_wrapper_2/i_xxv_ethernet_0_gt_2/inst/gen_gtwizard_gthe3_top.xxv_ethernet_0_gt_2_gtwizard_gthe3_inst/gen_gtwizard_gthe3.gen_channel_container[0].gen_enabled_channel.gthe3_channel_wrapper_inst/channel_inst/rxoutclk_out[0] |             3.2 |
| rxoutclk_out[0]_3 | i_xxv_ethernet_0_core_support/i_xxv_ethernet_0_gt_wrapper_3/i_xxv_ethernet_0_gt_3/inst/gen_gtwizard_gthe3_top.xxv_ethernet_0_gt_3_gtwizard_gthe3_inst/gen_gtwizard_gthe3.gen_channel_container[0].gen_enabled_channel.gthe3_channel_wrapper_inst/channel_inst/rxoutclk_out[0] |             3.2 |
| tx_clk_out_0      | i_xxv_ethernet_0_core_support/i_xxv_ethernet_0_gt_wrapper_0/i_xxv_ethernet_0_core_gtwiz_userclk_tx_inst/gt_rxn_in_0                                                                                                                                                           |             6.4 |
| tx_clk_out_1      | i_xxv_ethernet_0_core_support/i_xxv_ethernet_0_gt_wrapper_1/i_xxv_ethernet_0_core_gtwiz_userclk_tx_inst/gt_rxn_in_1                                                                                                                                                           |             6.4 |
| tx_clk_out_2      | i_xxv_ethernet_0_core_support/i_xxv_ethernet_0_gt_wrapper_2/i_xxv_ethernet_0_core_gtwiz_userclk_tx_inst/gt_rxn_in_2                                                                                                                                                           |             6.4 |
| tx_clk_out_3      | i_xxv_ethernet_0_core_support/i_xxv_ethernet_0_gt_wrapper_3/i_xxv_ethernet_0_core_gtwiz_userclk_tx_inst/gt_rxn_in_3                                                                                                                                                           |             6.4 |
| txoutclk_out[0]   | i_xxv_ethernet_0_core_support/i_xxv_ethernet_0_gt_wrapper_0/i_xxv_ethernet_0_gt_0/inst/gen_gtwizard_gthe3_top.xxv_ethernet_0_gt_0_gtwizard_gthe3_inst/gen_gtwizard_gthe3.gen_channel_container[0].gen_enabled_channel.gthe3_channel_wrapper_inst/channel_inst/txoutclk_out[0] |             3.2 |
| txoutclk_out[0]_1 | i_xxv_ethernet_0_core_support/i_xxv_ethernet_0_gt_wrapper_1/i_xxv_ethernet_0_gt_1/inst/gen_gtwizard_gthe3_top.xxv_ethernet_0_gt_1_gtwizard_gthe3_inst/gen_gtwizard_gthe3.gen_channel_container[0].gen_enabled_channel.gthe3_channel_wrapper_inst/channel_inst/txoutclk_out[0] |             3.2 |
| txoutclk_out[0]_2 | i_xxv_ethernet_0_core_support/i_xxv_ethernet_0_gt_wrapper_2/i_xxv_ethernet_0_gt_2/inst/gen_gtwizard_gthe3_top.xxv_ethernet_0_gt_2_gtwizard_gthe3_inst/gen_gtwizard_gthe3.gen_channel_container[0].gen_enabled_channel.gthe3_channel_wrapper_inst/channel_inst/txoutclk_out[0] |             3.2 |
| txoutclk_out[0]_3 | i_xxv_ethernet_0_core_support/i_xxv_ethernet_0_gt_wrapper_3/i_xxv_ethernet_0_gt_3/inst/gen_gtwizard_gthe3_top.xxv_ethernet_0_gt_3_gtwizard_gthe3_inst/gen_gtwizard_gthe3.gen_channel_container[0].gen_enabled_channel.gthe3_channel_wrapper_inst/channel_inst/txoutclk_out[0] |             3.2 |
+-------------------+-------------------------------------------------------------------------------------------------------------------------------------------------------------------------------------------------------------------------------------------------------------------------------+-----------------+


3. Detailed Reports
-------------------

3.1 By Hierarchy
----------------

+-----------------------------------+-----------+
| Name                              | Power (W) |
+-----------------------------------+-----------+
| xxv_ethernet_0_exdes              |     1.566 |
|   axi_lite_clocking_i             |     0.067 |
|     clkin1_buf                    |     0.004 |
|   ethernet_mac_fifo_0             |     0.015 |
|     i_tx_fifo                     |     0.008 |
|       fifo_ram_inst               |     0.005 |
|     rx_fifo_inst                  |     0.008 |
|       fifo_ram_inst               |     0.005 |
|   ethernet_mac_fifo_1             |     0.016 |
|     i_tx_fifo                     |     0.008 |
|       fifo_ram_inst               |     0.005 |
|     rx_fifo_inst                  |     0.008 |
|       fifo_ram_inst               |     0.005 |
|   ethernet_mac_fifo_2             |     0.015 |
|     i_tx_fifo                     |     0.008 |
|       fifo_ram_inst               |     0.005 |
|     rx_fifo_inst                  |     0.008 |
|       fifo_ram_inst               |     0.005 |
|   ethernet_mac_fifo_3             |     0.016 |
|     i_tx_fifo                     |     0.008 |
|       fifo_ram_inst               |     0.005 |
|     rx_fifo_inst                  |     0.008 |
|       fifo_ram_inst               |     0.005 |
|   i_xxv_ethernet_0_core_support   |     1.438 |
|     DUT                           |     0.304 |
|       inst                        |     0.304 |
|     i_xxv_ethernet_0_gt_wrapper_0 |     0.283 |
|       i_xxv_ethernet_0_gt_0       |     0.283 |
|     i_xxv_ethernet_0_gt_wrapper_1 |     0.284 |
|       i_xxv_ethernet_0_gt_1       |     0.283 |
|     i_xxv_ethernet_0_gt_wrapper_2 |     0.283 |
|       i_xxv_ethernet_0_gt_2       |     0.283 |
|     i_xxv_ethernet_0_gt_wrapper_3 |     0.283 |
|       i_xxv_ethernet_0_gt_3       |     0.283 |
+-----------------------------------+-----------+


