#-----------------------------------------------------------
# Vivado v2020.2 (64-bit)
# SW Build 3064766 on Wed Nov 18 09:12:45 MST 2020
# IP Build 3064653 on Wed Nov 18 14:17:31 MST 2020
# Start of session at: Fri May 28 14:44:08 2021
# Process ID: 13500
# Current directory: D:/project/FPGA_New_CC/NIC1_right
# Command line: vivado.exe -gui_launcher_event rodinguilauncherevent15328 D:\project\FPGA_New_CC\NIC1_right\xxv_ethernet_0_ex.xpr
# Log file: D:/project/FPGA_New_CC/NIC1_right/vivado.log
# Journal file: D:/project/FPGA_New_CC/NIC1_right\vivado.jou
#-----------------------------------------------------------
start_gui
open_project D:/project/FPGA_New_CC/NIC1_right/xxv_ethernet_0_ex.xpr
Scanning sources...
Finished scanning sources
INFO: [IP_Flow 19-234] Refreshing IP repositories
INFO: [IP_Flow 19-1704] No user IP repositories specified
INFO: [IP_Flow 19-2313] Loaded Vivado IP repository 'D:/Vivado_2020.2/Vivado/2020.2/data/ip'.
open_project: Time (s): cpu = 00:00:20 ; elapsed = 00:00:18 . Memory (MB): peak = 1144.344 ; gain = 0.000
update_compile_order -fileset sources_1
exit
INFO: [Common 17-206] Exiting Vivado at Sat May 29 19:06:27 2021...
