#-----------------------------------------------------------
# Vivado v2020.2 (64-bit)
# SW Build 3064766 on Wed Nov 18 09:12:45 MST 2020
# IP Build 3064653 on Wed Nov 18 14:17:31 MST 2020
# Start of session at: Fri May 21 11:49:19 2021
# Process ID: 8592
# Current directory: D:/project/FPGA_New_CC/NIC1_right
# Command line: vivado.exe -gui_launcher_event rodinguilauncherevent12208 D:\project\FPGA_New_CC\NIC1_right\xxv_ethernet_0_ex.xpr
# Log file: D:/project/FPGA_New_CC/NIC1_right/vivado.log
# Journal file: D:/project/FPGA_New_CC/NIC1_right\vivado.jou
#-----------------------------------------------------------
start_gui
open_project D:/project/FPGA_New_CC/NIC1_right/xxv_ethernet_0_ex.xpr
Scanning sources...
Finished scanning sources
INFO: [IP_Flow 19-234] Refreshing IP repositories
INFO: [IP_Flow 19-1704] No user IP repositories specified
INFO: [IP_Flow 19-2313] Loaded Vivado IP repository 'D:/Vivado_2020.2/Vivado/2020.2/data/ip'.
open_project: Time (s): cpu = 00:00:22 ; elapsed = 00:00:28 . Memory (MB): peak = 1038.934 ; gain = 116.367
update_compile_order -fileset sources_1
launch_runs impl_3 -to_step write_bitstream -jobs 4
INFO: [Vivado 12-4149] The synthesis checkpoint for IP 'D:/project/FPGA_New_CC/NIC1_right/xxv_ethernet_0_ex.srcs/sources_1/ip/xxv_ethernet_0/xxv_ethernet_0.xci' is already up-to-date
[Fri May 21 11:53:15 2021] Launched impl_3...
Run output will be captured here: D:/project/FPGA_New_CC/NIC1_right/xxv_ethernet_0_ex.runs/impl_3/runme.log
reset_run impl_3
WARNING: [Vivado 12-1017] Problems encountered:
1. PID not specified

exit
INFO: [Common 17-206] Exiting Vivado at Fri May 21 14:49:11 2021...
